CODONML (in paml version 4.9j, February 2020)  /gpfs/data/fs71400/grootcrego/REFERENCES_TILLANDSIA/dnds/dnds_branch-specific_outgroups/phylip_files/OG0007666_with-Taus_NT.phylip
Model: several dN/dS ratios for branches, 
Codon frequency model: F3x4
Site-class models:  PositiveSelection
ns =   3  ls = 284

Codon usage in sequences
--------------------------------------------------------------------------------------
Phe TTT   3   3   3 | Ser TCT  11  12  10 | Tyr TAT   0   0   0 | Cys TGT   1   1   1
    TTC   1   1   1 |     TCC   8   8   8 |     TAC   1   1   1 |     TGC   3   3   3
Leu TTA   3   3   3 |     TCA   9   8   8 | *** TAA   0   0   0 | *** TGA   0   0   0
    TTG   4   4   3 |     TCG   8   8   8 |     TAG   0   0   0 | Trp TGG   0   0   0
--------------------------------------------------------------------------------------
Leu CTT   8   8   7 | Pro CCT  15  14  15 | His CAT   1   1   1 | Arg CGT   2   2   1
    CTC   3   3   4 |     CCC   5   5   5 |     CAC   0   0   0 |     CGC   1   1   1
    CTA   3   3   2 |     CCA   8   8   9 | Gln CAA   4   4   3 |     CGA   3   3   3
    CTG   3   2   3 |     CCG   8   9   9 |     CAG   7   8   6 |     CGG   3   2   2
--------------------------------------------------------------------------------------
Ile ATT   5   5   5 | Thr ACT   3   3   3 | Asn AAT   4   5   4 | Ser AGT   6   6   6
    ATC   4   4   4 |     ACC   1   1   2 |     AAC   2   2   2 |     AGC   1   1   1
    ATA   4   4   4 |     ACA   4   4   4 | Lys AAA   6   6   6 | Arg AGA   1   1   1
Met ATG   9  10   9 |     ACG   3   3   2 |     AAG  12  11  11 |     AGG   1   1   1
--------------------------------------------------------------------------------------
Val GTT   9   9   6 | Ala GCT  14  14  14 | Asp GAT   7   7   7 | Gly GGT   3   3   3
    GTC   2   2   2 |     GCC   9   9   9 |     GAC   3   3   3 |     GGC   2   2   2
    GTA   4   4   4 |     GCA   6   7   6 | Glu GAA   5   5   5 |     GGA   5   5   4
    GTG   5   4   4 |     GCG   5   5   5 |     GAG  10  10   9 |     GGG   2   2   2
--------------------------------------------------------------------------------------

Codon position x base (3x4) table for each sequence.

#1: Tfas           
position  1:    T:0.18375    C:0.26148    A:0.23322    G:0.32155
position  2:    T:0.24735    C:0.41343    A:0.21908    G:0.12014
position  3:    T:0.32509    C:0.16254    A:0.22968    G:0.28269
Average         T:0.25206    C:0.27915    A:0.22733    G:0.24146

#2: Tlei           
position  1:    T:0.18375    C:0.25795    A:0.23675    G:0.32155
position  2:    T:0.24382    C:0.41696    A:0.22261    G:0.11661
position  3:    T:0.32862    C:0.16254    A:0.22968    G:0.27915
Average         T:0.25206    C:0.27915    A:0.22968    G:0.23910

#3: Taus           
position  1:    T:0.18148    C:0.26296    A:0.24074    G:0.31481
position  2:    T:0.23704    C:0.43333    A:0.21481    G:0.11481
position  3:    T:0.31852    C:0.17778    A:0.22963    G:0.27407
Average         T:0.24568    C:0.29136    A:0.22840    G:0.23457

Sums of codon usage counts
------------------------------------------------------------------------------
Phe F TTT       9 | Ser S TCT      33 | Tyr Y TAT       0 | Cys C TGT       3
      TTC       3 |       TCC      24 |       TAC       3 |       TGC       9
Leu L TTA       9 |       TCA      25 | *** * TAA       0 | *** * TGA       0
      TTG      11 |       TCG      24 |       TAG       0 | Trp W TGG       0
------------------------------------------------------------------------------
Leu L CTT      23 | Pro P CCT      44 | His H CAT       3 | Arg R CGT       5
      CTC      10 |       CCC      15 |       CAC       0 |       CGC       3
      CTA       8 |       CCA      25 | Gln Q CAA      11 |       CGA       9
      CTG       8 |       CCG      26 |       CAG      21 |       CGG       7
------------------------------------------------------------------------------
Ile I ATT      15 | Thr T ACT       9 | Asn N AAT      13 | Ser S AGT      18
      ATC      12 |       ACC       4 |       AAC       6 |       AGC       3
      ATA      12 |       ACA      12 | Lys K AAA      18 | Arg R AGA       3
Met M ATG      28 |       ACG       8 |       AAG      34 |       AGG       3
------------------------------------------------------------------------------
Val V GTT      24 | Ala A GCT      42 | Asp D GAT      21 | Gly G GGT       9
      GTC       6 |       GCC      27 |       GAC       9 |       GGC       6
      GTA      12 |       GCA      19 | Glu E GAA      15 |       GGA      14
      GTG      13 |       GCG      15 |       GAG      29 |       GGG       6
------------------------------------------------------------------------------

(Ambiguity data are not used in the counts.)


Codon position x base (3x4) table, overall

position  1:    T:0.18301    C:0.26077    A:0.23684    G:0.31938
position  2:    T:0.24282    C:0.42105    A:0.21890    G:0.11722
position  3:    T:0.32416    C:0.16746    A:0.22967    G:0.27871
Average         T:0.25000    C:0.28309    A:0.22847    G:0.23844

TREE #  1:  ((1, 2), 3);   MP score: -1
This is a rooted tree.  Please check!
check convergence..
lnL(ntime:  4  np:  9):  -1202.565042      +0.000000
   4..5     5..1     5..2     4..3  
 0.000004 0.013410 0.008083 0.014931 1.965507 0.000000 0.000000 0.465537 70.685828

Note: Branch length is defined as number of nucleotide substitutions per codon (not per neucleotide site).

tree length =  0.036428

((1: 0.013410, 2: 0.008083): 0.000004, 3: 0.014931);

((Tfas: 0.013410, Tlei: 0.008083): 0.000004, Taus: 0.014931);

Detailed output identifying parameters

kappa (ts/tv) =  1.96551


MLEs of dN/dS (w) for site classes (K=4)

site class             0        1       2a       2b
proportion       0.00000  0.00000  1.00000  0.00000
background w     0.46554  1.00000  0.46554  1.00000
foreground w     0.46554  1.00000 70.68583 70.68583


Bayes Empirical Bayes (BEB) analysis (Yang, Wong & Nielsen 2005. Mol. Biol. Evol. 22:1107-1118)
Positive sites for foreground lineages Prob(w>1):
     1 M 0.619
     2 A 0.620
     3 S 0.620
     4 I 0.620
     5 S 0.620
     6 V 0.620
     7 P 0.619
     8 C 0.620
     9 P 0.620
    10 K 0.620
    11 S 0.620
    12 S 0.620
    13 A 0.620
    14 S 0.620
    15 A 0.620
    16 T 0.620
    17 A 0.620
    18 R 0.620
    19 G 0.620
    20 G 0.620
    21 S 0.620
    22 S 0.620
    23 R 0.620
    24 R 0.620
    25 N 0.620
    26 P 0.620
    27 P 0.620
    28 P 0.620
    29 R 0.620
    30 P 0.620
    31 R 0.620
    32 S 0.620
    33 A 0.620
    34 V 0.620
    35 S 0.620
    36 V 0.620
    37 P 0.620
    38 K 0.620
    39 L 0.620
    40 A 0.620
    41 S 0.620
    42 S 0.619
    43 P 0.620
    44 I 0.620
    45 A 0.620
    46 G 0.620
    47 S 0.619
    48 G 0.620
    49 S 0.620
    50 L 0.620
    51 S 0.619
    52 L 0.620
    53 S 0.620
    54 L 0.620
    55 L 0.620
    56 Q 0.620
    57 L 0.620
    58 P 0.619
    59 S 0.620
    60 R 0.620
    61 R 0.620
    62 Q 0.620
    63 L 0.620
    64 P 0.620
    65 I 0.619
    66 L 0.620
    67 K 0.620
    68 A 0.620
    69 Q 0.620
    70 V 0.619
    71 R 0.660
    72 E 0.620
    73 V 0.619
    74 S 0.619
    75 A 0.619
    76 E 0.620
    77 S 0.620
    78 S 0.620
    79 T 0.620
    80 N 0.620
    81 S 0.619
    82 S 0.620
    83 P 0.620
    84 K 0.620
    85 A 0.620
    86 S 0.620
    87 A 0.620
    88 D 0.620
    89 E 0.620
    90 E 0.620
    91 S 0.619
    92 L 0.620
    93 S 0.620
    94 S 0.620
    95 N 0.620
    96 T 0.620
    97 K 0.620
    98 G 0.620
    99 S 0.619
   100 D 0.619
   101 V 0.620
   102 P 0.620
   103 D 0.619
   104 E 0.620
   105 S 0.619
   106 A 0.620
   107 I 0.620
   108 S 0.619
   109 A 0.620
   110 L 0.620
   111 L 0.620
   112 A 0.619
   113 E 0.620
   114 A 0.619
   115 S 0.620
   116 R 0.620
   117 L 0.620
   118 V 0.619
   119 M 0.619
   120 L 0.620
   121 V 0.619
   122 D 0.619
   123 S 0.620
   124 K 0.620
   125 D 0.619
   126 V 0.619
   127 T 0.620
   128 E 0.620
   129 L 0.620
   130 K 0.620
   131 L 0.620
   132 K 0.620
   133 N 0.620
   134 N 0.620
   135 D 0.619
   136 C 0.620
   137 E 0.620
   138 L 0.620
   139 I 0.620
   140 I 0.620
   141 R 0.620
   142 K 0.620
   143 K 0.620
   144 E 0.620
   145 A 0.619
   146 F 0.620
   147 S 0.619
   148 Q 0.620
   149 S 0.620
   150 L 0.620
   151 P 0.619
   152 T 0.619
   153 A 0.619
   154 P 0.620
   155 T 0.620
   156 V 0.917
   157 M 0.619
   158 M 0.619
   159 Q 0.620
   160 H 0.620
   161 P 0.619
   162 Q 0.620
   163 V 0.619
   164 A 0.620
   165 F 0.620
   166 P 0.619
   167 L 0.911
   168 P 0.620
   169 P 0.620
   170 M 0.619
   171 P 0.619
   172 Q 0.620
   173 P 0.620
   174 A 0.619
   175 P 0.619
   176 A 0.619
   177 A 0.620
   178 S 0.620
   179 A 0.620
   180 S 0.620
   181 A 0.619
   182 S 0.619
   183 T 0.619
   184 A 0.619
   185 A 0.619
   186 P 0.620
   187 A 0.619
   188 P 0.619
   189 L 0.620
   190 P 0.620
   191 A 0.620
   192 P 0.620
   193 A 0.620
   194 L 0.620
   195 P 0.619
   196 P 0.619
   197 A 0.619
   198 T 0.620
   199 K 0.620
   200 G 0.620
   201 S 0.917
   202 S 0.620
   203 K 0.620
   204 S 0.620
   205 S 0.620
   206 L 0.620
   207 P 0.619
   208 P 0.620
   209 L 0.620
   210 K 0.620
   211 C 0.620
   212 P 0.620
   213 M 0.619
   214 A 0.620
   215 G 0.620
   216 T 0.620
   217 F 0.620
   218 Y 0.620
   219 R 0.620
   220 S 0.620
   221 P 0.620
   222 A 0.619
   223 P 0.619
   224 G 0.620
   225 E 0.620
   226 P 0.619
   227 S 0.620
   228 F 0.620
   229 V 0.620
   230 K 0.620
   231 V 0.619
   232 G 0.620
   233 D 0.619
   234 K 0.620
   235 V 0.620
   236 Q 0.620
   237 K 0.620
   238 G 0.620
   239 Q 0.620
   240 V 0.620
   241 V 0.620
   242 C 0.620
   243 I 0.620
   244 I 0.619
   245 E 0.620
   246 A 0.620
   247 M 0.619
   248 K 0.620
   249 L 0.620
   250 M 0.619
   251 N 0.620
   252 E 0.620
   253 I 0.619
   254 E 0.620
   255 A 0.619
   256 D 0.619
   257 Q 0.620
   258 S 0.620
   259 G 0.620
   260 T 0.619
   261 I 0.619
   262 V 0.620
   263 E 0.620
   264 I 0.620
   265 V 0.620
   266 A 0.620
   267 E 0.620
   268 D 0.620
   269 G 0.620
   270 K 0.620
   271 P 0.620
   272 V 0.619
   273 S 0.620
   274 V 0.619
   275 D 0.620
   276 T 0.620
   277 P 0.619
   278 L 0.620
   279 M 0.619
   280 I 0.620
   281 I 0.619
   282 Q 0.620
   283 P 0.620
   284 - 0.620


The grid (see ternary graph for p0-p1)

w0:   0.050  0.150  0.250  0.350  0.450  0.550  0.650  0.750  0.850  0.950
w2:   1.500  2.500  3.500  4.500  5.500  6.500  7.500  8.500  9.500 10.500


Posterior on the grid

w0:   0.093  0.102  0.109  0.114  0.114  0.110  0.103  0.095  0.085  0.076
w2:   0.004  0.009  0.019  0.034  0.055  0.084  0.120  0.166  0.222  0.287

Posterior for p0-p1 (see the ternary graph) (YWN2015, fig. 1)

 0.000
 0.001 0.001 0.000
 0.003 0.002 0.001 0.001 0.000
 0.005 0.003 0.003 0.002 0.001 0.001 0.000
 0.008 0.006 0.005 0.004 0.003 0.002 0.001 0.001 0.000
 0.013 0.010 0.010 0.007 0.006 0.004 0.003 0.002 0.001 0.001 0.000
 0.019 0.016 0.016 0.012 0.011 0.008 0.006 0.004 0.003 0.002 0.001 0.000 0.000
 0.027 0.024 0.025 0.020 0.018 0.013 0.011 0.008 0.006 0.004 0.003 0.001 0.001 0.000 0.000
 0.041 0.037 0.039 0.031 0.027 0.021 0.017 0.013 0.010 0.007 0.005 0.003 0.002 0.001 0.001 0.000 0.000
 0.070 0.058 0.050 0.043 0.033 0.028 0.022 0.018 0.014 0.011 0.008 0.006 0.005 0.003 0.002 0.001 0.001 0.000 0.000

sum of density on p0-p1 =   1.000000

Time used:  0:21
