CODONML (in paml version 4.9j, February 2020)  /gpfs/data/fs71400/grootcrego/REFERENCES_TILLANDSIA/dnds/dnds_branch-specific_outgroups/phylip_files/OG0006131_with-Taus_NT.phylip
Model: several dN/dS ratios for branches, 
Codon frequency model: F3x4
Site-class models:  PositiveSelection
ns =   3  ls = 786

Codon usage in sequences
--------------------------------------------------------------------------------------
Phe TTT  26  28  27 | Ser TCT  26  21  23 | Tyr TAT  18  18  18 | Cys TGT   5   5   5
    TTC  15  15  18 |     TCC   9   7   7 |     TAC  17  14  14 |     TGC   3   3   3
Leu TTA  11   9   9 |     TCA  12  11  12 | *** TAA   0   0   0 | *** TGA   0   0   0
    TTG  14  15  15 |     TCG  12  11  11 |     TAG   0   0   0 | Trp TGG   9   8   8
--------------------------------------------------------------------------------------
Leu CTT  16  14  15 | Pro CCT  16  17  17 | His CAT   6   6   7 | Arg CGT   1   1   1
    CTC  17  16  13 |     CCC   6   5   5 |     CAC   5   3   5 |     CGC   1   2   1
    CTA   7   7   7 |     CCA  12  13  14 | Gln CAA  14  15  13 |     CGA   6   5   6
    CTG  10  10   9 |     CCG   8   8   8 |     CAG  12  10  10 |     CGG   0   0   0
--------------------------------------------------------------------------------------
Ile ATT  32  33  32 | Thr ACT  16  13  14 | Asn AAT  23  23  23 | Ser AGT  12  12  11
    ATC   8   8   8 |     ACC  15  15  17 |     AAC  20  19  20 |     AGC  13  15  16
    ATA  12  12  12 |     ACA  16  15  14 | Lys AAA  18  18  17 | Arg AGA  14  12  12
Met ATG  11  11   9 |     ACG   4   6   4 |     AAG  17  14  17 |     AGG   3   3   2
--------------------------------------------------------------------------------------
Val GTT  20  22  23 | Ala GCT  30  27  27 | Asp GAT  40  40  41 | Gly GGT  14  15  13
    GTC  12  13  10 |     GCC  16  14  16 |     GAC  11   9  11 |     GGC   9   8   9
    GTA  12  11  12 |     GCA  17  18  16 | Glu GAA   6   6   5 |     GGA  12  10  12
    GTG  15  13  13 |     GCG   6   5   5 |     GAG  10  11   9 |     GGG   7   7   8
--------------------------------------------------------------------------------------

Codon position x base (3x4) table for each sequence.

#1: Tfas           
position  1:    T:0.22548    C:0.17452    A:0.29809    G:0.30191
position  2:    T:0.30318    C:0.28153    A:0.27643    G:0.13885
position  3:    T:0.38344    C:0.22548    A:0.21529    G:0.17580
Average         T:0.30403    C:0.22718    A:0.26327    G:0.20552

#2: Taus           
position  1:    T:0.21854    C:0.17483    A:0.30331    G:0.30331
position  2:    T:0.31391    C:0.27285    A:0.27285    G:0.14040
position  3:    T:0.39073    C:0.21987    A:0.21457    G:0.17483
Average         T:0.30773    C:0.22252    A:0.26358    G:0.20618

#3: Tlei           
position  1:    T:0.22398    C:0.17260    A:0.30040    G:0.30303
position  2:    T:0.30567    C:0.27668    A:0.27668    G:0.14097
position  3:    T:0.39130    C:0.22793    A:0.21212    G:0.16864
Average         T:0.30698    C:0.22574    A:0.26307    G:0.20422

Sums of codon usage counts
------------------------------------------------------------------------------
Phe F TTT      81 | Ser S TCT      70 | Tyr Y TAT      54 | Cys C TGT      15
      TTC      48 |       TCC      23 |       TAC      45 |       TGC       9
Leu L TTA      29 |       TCA      35 | *** * TAA       0 | *** * TGA       0
      TTG      44 |       TCG      34 |       TAG       0 | Trp W TGG      25
------------------------------------------------------------------------------
Leu L CTT      45 | Pro P CCT      50 | His H CAT      19 | Arg R CGT       3
      CTC      46 |       CCC      16 |       CAC      13 |       CGC       4
      CTA      21 |       CCA      39 | Gln Q CAA      42 |       CGA      17
      CTG      29 |       CCG      24 |       CAG      32 |       CGG       0
------------------------------------------------------------------------------
Ile I ATT      97 | Thr T ACT      43 | Asn N AAT      69 | Ser S AGT      35
      ATC      24 |       ACC      47 |       AAC      59 |       AGC      44
      ATA      36 |       ACA      45 | Lys K AAA      53 | Arg R AGA      38
Met M ATG      31 |       ACG      14 |       AAG      48 |       AGG       8
------------------------------------------------------------------------------
Val V GTT      65 | Ala A GCT      84 | Asp D GAT     121 | Gly G GGT      42
      GTC      35 |       GCC      46 |       GAC      31 |       GGC      26
      GTA      35 |       GCA      51 | Glu E GAA      17 |       GGA      34
      GTG      41 |       GCG      16 |       GAG      30 |       GGG      22
------------------------------------------------------------------------------

(Ambiguity data are not used in the counts.)


Codon position x base (3x4) table, overall

position  1:    T:0.22271    C:0.17399    A:0.30057    G:0.30274
position  2:    T:0.30753    C:0.27708    A:0.27534    G:0.14006
position  3:    T:0.38843    C:0.22445    A:0.21401    G:0.17312
Average         T:0.30622    C:0.22517    A:0.26330    G:0.20531

TREE #  1:  ((1, 3), 2);   MP score: -1
This is a rooted tree.  Please check!
lnL(ntime:  4  np:  9):  -3644.665327      +0.000000
   4..5     5..1     5..3     4..2  
 0.041686 0.029967 0.029597 0.002586 2.266971 0.000000 0.000000 0.000001 3.462805

Note: Branch length is defined as number of nucleotide substitutions per codon (not per neucleotide site).

tree length =  0.103836

((1: 0.029967, 3: 0.029597): 0.041686, 2: 0.002586);

((Tfas: 0.029967, Tlei: 0.029597): 0.041686, Taus: 0.002586);

Detailed output identifying parameters

kappa (ts/tv) =  2.26697


MLEs of dN/dS (w) for site classes (K=4)

site class             0        1       2a       2b
proportion       0.00000  0.00000  0.46562  0.53438
background w     0.00000  1.00000  0.00000  1.00000
foreground w     0.00000  1.00000  3.46281  3.46281


Naive Empirical Bayes (NEB) analysis (please use the BEB results.)
Positive sites for foreground lineages Prob(w>1):

     1 L 1.000**
     2 L 1.000**
     3 H 1.000**
     4 S 1.000**
     5 T 1.000**
     6 V 1.000**
     7 T 1.000**
     8 L 1.000**
     9 L 1.000**
    10 Y 1.000**
    11 L 1.000**
    12 S 1.000**
    13 E 1.000**
    14 Q 1.000**
    15 R 1.000**
    16 N 1.000**
    17 Q 1.000**
    18 Y 1.000**
    19 S 1.000**
    20 L 1.000**
    21 S 1.000**
    22 W 1.000**
    23 R 1.000**
    24 V 1.000**
    25 R 1.000**
    26 T 1.000**
    27 M 1.000**
    28 W 1.000**
    29 G 1.000**
    30 R 1.000**
    31 K 1.000**
    32 R 1.000**
    33 K 1.000**
    34 L 1.000**
    35 S 1.000**
    36 S 1.000**
    37 F 1.000**
    38 L 1.000**
    39 G 1.000**
    40 A 1.000**
    41 F 1.000**
    42 L 1.000**
    43 L 1.000**
    44 L 1.000**
    45 Q 1.000**
    46 V 1.000**
    47 G 1.000**
    48 L 1.000**
    49 G 1.000**
    50 T 1.000**
    51 A 1.000**
    52 Q 1.000**
    53 N 1.000**
    54 T 1.000**
    55 S 1.000**
    56 K 1.000**
    57 S 1.000**
    58 S 1.000**
    59 W 1.000**
    60 K 1.000**
    61 T 1.000**
    62 L 1.000**
    63 S 1.000**
    64 G 1.000**
    65 D 1.000**
    66 P 1.000**
    67 P 1.000**
    68 A 1.000**
    69 I 1.000**
    70 I 1.000**
    71 A 1.000**
    72 K 1.000**
    73 G 1.000**
    74 G 1.000**
    75 F 1.000**
    76 S 1.000**
    77 G 1.000**
    78 L 1.000**
    79 F 1.000**
    80 P 1.000**
    81 D 1.000**
    82 S 1.000**
    83 S 1.000**
    84 S 1.000**
    85 A 1.000**
    86 A 1.000**
    87 Y 1.000**
    88 S 1.000**
    89 F 1.000**
    90 V 1.000**
    91 Y 1.000**
    92 T 1.000**
    93 A 1.000**
    94 S 1.000**
    95 S 1.000**
    96 A 1.000**
    97 D 1.000**
    98 T 1.000**
    99 I 1.000**
   100 L 1.000**
   101 W 1.000**
   102 C 1.000**
   103 D 1.000**
   104 V 1.000**
   105 Q 1.000**
   106 L 1.000**
   107 T 1.000**
   108 K 1.000**
   109 D 1.000**
   110 G 1.000**
   111 I 1.000**
   112 G 1.000**
   113 I 1.000**
   114 C 1.000**
   115 L 1.000**
   116 P 1.000**
   117 D 1.000**
   118 V 1.000**
   119 I 1.000**
   120 L 1.000**
   121 N 1.000**
   122 N 1.000**
   123 C 1.000**
   124 T 1.000**
   125 N 1.000**
   126 I 1.000**
   127 A 1.000**
   128 D 1.000**
   129 I 1.000**
   130 Y 1.000**
   131 P 1.000**
   132 G 1.000**
   133 R 1.000**
   134 M 1.000**
   135 K 1.000**
   136 D 1.000**
   137 Y 1.000**
   138 D 1.000**
   139 V 1.000**
   140 N 1.000**
   141 G 1.000**
   142 A 1.000**
   143 L 1.000**
   144 M 1.000**
   145 T 1.000**
   146 G 1.000**
   147 W 1.000**
   148 F 1.000**
   149 S 1.000**
   150 V 1.000**
   151 D 1.000**
   152 F 1.000**
   153 N 1.000**
   154 I 1.000**
   155 S 1.000**
   156 E 1.000**
   157 I 1.000**
   158 S 1.000**
   159 E 1.000**
   160 V 1.000**
   161 S 1.000**
   162 L 1.000**
   163 K 1.000**
   164 Q 1.000**
   165 A 1.000**
   166 I 1.000**
   167 Y 1.000**
   168 S 1.000**
   169 R 1.000**
   170 T 1.000**
   171 D 1.000**
   172 K 1.000**
   173 F 1.000**
   174 D 1.000**
   175 Y 1.000**
   176 S 1.000**
   177 N 1.000**
   178 Y 1.000**
   179 A 1.000**
   180 I 1.000**
   181 L 1.000**
   182 G 1.000**
   183 V 1.000**
   184 T 1.000**
   185 D 1.000**
   186 V 1.000**
   187 V 1.000**
   188 S 1.000**
   189 Q 1.000**
   190 I 1.000**
   191 K 1.000**
   192 P 1.000**
   193 H 1.000**
   194 A 1.000**
   195 I 1.000**
   196 W 1.000**
   197 L 1.000**
   198 N 1.000**
   199 V 1.000**
   200 Q 1.000**
   201 H 1.000**
   202 D 1.000**
   203 I 1.000**
   204 F 1.000**
   205 Y 1.000**
   206 K 1.000**
   207 Q 1.000**
   208 H 1.000**
   209 G 1.000**
   210 L 1.000**
   211 S 1.000**
   212 M 1.000**
   213 R 1.000**
   214 N 1.000**
   215 F 1.000**
   216 I 1.000**
   217 I 1.000**
   218 S 1.000**
   219 V 1.000**
   220 S 1.000**
   221 K 1.000**
   222 Q 1.000**
   223 V 1.000**
   224 I 1.000**
   225 V 1.000**
   226 N 1.000**
   227 Y 1.000**
   228 V 1.000**
   229 S 1.000**
   230 S 1.000**
   231 P 1.000**
   232 E 1.000**
   233 V 1.000**
   234 G 1.000**
   235 F 1.000**
   236 L 1.000**
   237 K 1.000**
   238 S 1.000**
   239 I 1.000**
   240 S 1.000**
   241 P 1.000**
   242 R 1.000**
   243 V 1.000**
   244 S 1.000**
   245 S 1.000**
   246 K 1.000**
   247 T 1.000**
   248 K 1.000**
   249 L 1.000**
   250 I 1.000**
   251 F 1.000**
   252 R 1.000**
   253 F 1.000**
   254 L 1.000**
   255 D 1.000**
   256 K 1.000**
   257 T 1.000**
   258 L 1.000**
   259 A 1.000**
   260 E 1.000**
   261 P 1.000**
   262 S 1.000**
   263 T 1.000**
   264 N 1.000**
   265 Q 1.000**
   266 T 1.000**
   267 Y 1.000**
   268 G 1.000**
   269 S 1.000**
   270 L 1.000**
   271 L 1.000**
   272 R 1.000**
   273 N 1.000**
   274 L 1.000**
   275 T 1.000**
   276 F 1.000**
   277 V 1.000**
   278 K 1.000**
   279 T 1.000**
   280 F 1.000**
   281 A 1.000**
   282 S 1.000**
   283 G 1.000**
   284 I 1.000**
   285 L 1.000**
   286 V 1.000**
   287 P 1.000**
   288 K 1.000**
   289 N 1.000**
   290 Y 1.000**
   291 I 1.000**
   292 W 1.000**
   293 P 1.000**
   294 V 1.000**
   295 S 1.000**
   296 L 1.000**
   297 D 1.000**
   298 N 1.000**
   299 Y 1.000**
   300 L 1.000**
   301 L 1.000**
   302 P 1.000**
   303 H 1.000**
   304 T 1.000**
   305 S 1.000**
   306 V 1.000**
   307 V 1.000**
   308 T 1.000**
   309 D 1.000**
   310 A 1.000**
   311 H 1.000**
   312 K 1.000**
   313 A 1.000**
   314 G 1.000**
   315 L 1.000**
   316 E 1.000**
   317 I 1.000**
   318 Y 1.000**
   319 A 1.000**
   320 A 1.000**
   321 D 1.000**
   322 F 1.000**
   323 A 1.000**
   324 N 1.000**
   325 D 1.000**
   326 N 1.000**
   327 L 1.000**
   328 F 1.000**
   329 S 1.000**
   330 Y 1.000**
   331 N 1.000**
   332 Y 1.000**
   333 S 1.000**
   334 F 1.000**
   335 D 1.000**
   336 P 1.000**
   337 L 1.000**
   338 A 1.000**
   339 E 1.000**
   340 Y 1.000**
   341 L 1.000**
   342 S 1.000**
   343 F 1.000**
   344 I 1.000**
   345 D 1.000**
   346 H 1.000**
   347 G 1.000**
   348 E 1.000**
   349 F 1.000**
   350 S 1.000**
   351 V 1.000**
   352 D 1.000**
   353 G 1.000**
   354 V 1.000**
   355 V 1.000**
   356 S 1.000**
   357 D 1.000**
   358 F 1.000**
   359 P 1.000**
   360 I 1.000**
   361 T 1.000**
   362 P 1.000**
   363 S 1.000**
   364 E 1.000**
   365 A 1.000**
   366 I 1.000**
   367 G 1.000**
   368 C 1.000**
   369 F 1.000**
   370 S 1.000**
   371 N 1.000**
   372 L 1.000**
   373 N 1.000**
   374 K 1.000**
   375 S 1.000**
   376 S 1.000**
   377 T 1.000**
   378 D 1.000**
   379 H 1.000**
   380 G 1.000**
   381 K 1.000**
   382 P 1.000**
   383 V 1.000**
   384 I 1.000**
   385 I 1.000**
   386 S 1.000**
   387 H 1.000**
   388 N 1.000**
   389 G 1.000**
   390 A 1.000**
   391 S 1.000**
   392 G 1.000**
   393 D 1.000**
   394 Y 1.000**
   395 P 1.000**
   396 D 1.000**
   397 C 1.000**
   398 T 1.000**
   399 D 1.000**
   400 L 1.000**
   401 A 1.000**
   402 Y 1.000**
   403 K 1.000**
   404 Y 1.000**
   405 A 1.000**
   406 V 1.000**
   407 R 1.000**
   408 I 1.000**
   409 G 1.000**
   410 A 1.000**
   411 D 1.000**
   412 V 1.000**
   413 I 1.000**
   414 D 1.000**
   415 C 1.000**
   416 P 1.000**
   417 V 1.000**
   418 Q 1.000**
   419 V 1.000**
   420 T 1.000**
   421 Q 1.000**
   422 D 1.000**
   423 R 1.000**
   424 I 1.000**
   425 L 1.000**
   426 I 1.000**
   427 C 1.000**
   428 M 1.000**
   429 S 1.000**
   430 S 1.000**
   431 I 1.000**
   432 N 1.000**
   433 L 1.000**
   434 M 1.000**
   435 D 1.000**
   436 D 1.000**
   437 T 1.000**
   438 N 1.000**
   439 V 1.000**
   440 V 1.000**
   441 N 1.000**
   442 S 1.000**
   443 Q 1.000**
   444 F 1.000**
   445 S 1.000**
   446 S 1.000**
   447 R 1.000**
   448 A 1.000**
   449 S 1.000**
   450 L 1.000**
   451 V 1.000**
   452 P 1.000**
   453 Q 1.000**
   454 I 1.000**
   455 R 1.000**
   456 S 1.000**
   457 A 1.000**
   458 P 1.000**
   459 G 1.000**
   460 I 1.000**
   461 F 1.000**
   462 T 1.000**
   463 F 1.000**
   464 N 1.000**
   465 L 1.000**
   466 T 1.000**
   467 W 1.000**
   468 D 1.000**
   469 E 1.000**
   470 I 1.000**
   471 Q 1.000**
   472 N 1.000**
   473 N 1.000**
   474 I 1.000**
   475 R 1.000**
   476 P 1.000**
   477 V 1.000**
   478 I 1.000**
   479 S 1.000**
   480 S 1.000**
   481 P 1.000**
   482 Q 1.000**
   483 S 1.000**
   484 Q 1.000**
   485 Y 1.000**
   486 K 1.000**
   487 L 1.000**
   488 V 1.000**
   489 R 1.000**
   490 N 1.000**
   491 P 1.000**
   492 R 1.000**
   493 Y 1.000**
   494 K 1.000**
   495 T 1.000**
   496 A 1.000**
   497 G 1.000**
   498 N 1.000**
   499 F 1.000**
   500 M 1.000**
   501 T 1.000**
   502 L 1.000**
   503 S 1.000**
   504 G 1.000**
   505 F 1.000**
   506 L 1.000**
   507 A 1.000**
   508 F 1.000**
   509 A 1.000**
   510 K 1.000**
   511 D 1.000**
   512 K 1.000**
   513 D 1.000**
   514 L 1.000**
   515 S 1.000**
   516 G 1.000**
   517 I 1.000**
   518 L 1.000**
   519 I 1.000**
   520 S 1.000**
   521 V 1.000**
   522 E 1.000**
   523 Y 1.000**
   524 A 1.000**
   525 A 1.000**
   526 F 1.000**
   527 M 1.000**
   528 A 1.000**
   529 E 1.000**
   530 N 1.000**
   531 L 1.000**
   532 G 1.000**
   533 F 1.000**
   534 S 1.000**
   535 A 1.000**
   536 T 1.000**
   537 D 1.000**
   538 G 1.000**
   539 I 1.000**
   540 I 1.000**
   541 T 1.000**
   542 A 1.000**
   543 L 1.000**
   544 R 1.000**
   545 Q 1.000**
   546 A 1.000**
   547 G 1.000**
   548 Y 1.000**
   549 N 1.000**
   550 K 1.000**
   551 Q 1.000**
   552 T 1.000**
   553 T 1.000**
   554 A 1.000**
   555 L 1.000**
   556 D 1.000**
   557 I 1.000**
   558 I 1.000**
   559 I 1.000**
   560 Q 1.000**
   561 S 1.000**
   562 T 1.000**
   563 D 1.000**
   564 S 1.000**
   565 S 1.000**
   566 V 1.000**
   567 L 1.000**
   568 V 1.000**
   569 N 1.000**
   570 F 1.000**
   571 K 1.000**
   572 Q 1.000**
   573 K 1.000**
   574 T 1.000**
   575 D 1.000**
   576 Y 1.000**
   577 K 1.000**
   578 L 1.000**
   579 V 1.000**
   580 Y 1.000**
   581 M 1.000**
   582 I 1.000**
   583 D 1.000**
   584 K 1.000**
   585 S 1.000**
   586 V 1.000**
   587 S 1.000**
   588 D 1.000**
   589 A 1.000**
   590 L 1.000**
   591 P 1.000**
   592 S 1.000**
   593 S 1.000**
   594 L 1.000**
   595 A 1.000**
   596 D 1.000**
   597 I 1.000**
   598 K 1.000**
   599 T 1.000**
   600 F 1.000**
   601 A 1.000**
   602 D 1.000**
   603 A 1.000**
   604 V 1.000**
   605 A 1.000**
   606 V 1.000**
   607 T 1.000**
   608 K 1.000**
   609 D 1.000**
   610 S 1.000**
   611 V 1.000**
   612 Y 1.000**
   613 A 1.000**
   614 V 1.000**
   615 D 1.000**
   616 A 1.000**
   617 S 1.000**
   618 F 1.000**
   619 T 1.000**
   620 T 1.000**
   621 N 1.000**
   622 Q 1.000**
   623 T 1.000**
   624 N 1.000**
   625 L 1.000**
   626 V 1.000**
   627 E 1.000**
   628 H 1.000**
   629 L 1.000**
   630 K 1.000**
   631 A 1.000**
   632 A 1.000**
   633 G 1.000**
   634 L 1.000**
   635 L 1.000**
   636 V 1.000**
   637 Y 1.000**
   638 V 1.000**
   639 Y 1.000**
   640 V 1.000**
   641 L 1.000**
   642 Q 1.000**
   643 N 1.000**
   644 E 1.000**
   645 F 1.000**
   646 V 1.000**
   647 S 1.000**
   648 Q 1.000**
   649 P 1.000**
   650 W 1.000**
   651 D 1.000**
   652 F 1.000**
   653 F 1.000**
   654 S 1.000**
   655 D 1.000**
   656 A 1.000**
   657 T 1.000**
   658 V 1.000**
   659 E 1.000**
   660 I 1.000**
   661 N 1.000**
   662 T 1.000**
   663 Y 1.000**
   664 F 1.000**
   665 T 1.000**
   666 G 1.000**
   667 A 1.000**
   668 G 1.000**
   669 V 1.000**
   670 D 1.000**
   671 G 1.000**
   672 L 1.000**
   673 I 1.000**
   674 T 1.000**
   675 D 1.000**
   676 F 1.000**
   677 P 1.000**
   678 A 1.000**
   679 T 1.000**
   680 A 1.000**
   681 R 1.000**
   682 R 1.000**
   683 Y 1.000**
   684 K 1.000**
   685 R 1.000**
   686 N 1.000**
   687 S 1.000**
   688 C 1.000**
   689 F 1.000**
   690 N 1.000**
   691 L 1.000**
   692 G 1.000**
   693 N 1.000**
   694 N 1.000**
   695 A 1.000**
   696 P 1.000**
   697 N 1.000**
   698 Y 1.000**
   699 M 1.000**
   700 G 1.000**
   701 Y 1.000**
   702 V 1.000**
   703 P 1.000**
   704 A 1.000**
   705 G 1.000**
   706 G 1.000**
   707 L 1.000**
   708 L 1.000**
   709 Q 1.000**
   710 L 1.000**
   711 I 1.000**
   712 I 1.000**
   713 P 1.000**
   714 P 1.000**
   715 A 1.000**
   716 R 1.000**
   717 P 1.000**
   718 P 1.000**
   719 A 1.000**
   720 L 1.000**
   721 S 1.000**
   722 P 1.000**
   723 M 1.000**
   724 P 1.000**
   725 A 1.000**
   726 L 1.000**
   727 T 1.000**
   728 V 1.000**
   729 S 1.000**
   730 D 1.000**
   731 V 1.000**
   732 A 1.000**
   733 E 1.000**
   734 P 1.000**
   735 P 1.000**
   736 L 1.000**
   737 P 1.000**
   738 P 1.000**
   739 A 1.000**
   740 A 1.000**
   741 L 1.000**
   742 D 1.000**
   743 T 1.000**
   744 P 1.000**
   745 P 1.000**
   746 A 1.000**
   747 Y 1.000**
   748 P 1.000**
   749 A 1.000**
   750 N 1.000**
   751 G 1.000**
   752 S 1.000**
   753 A 1.000**
   754 N 1.000**
   755 A 1.000**
   756 S 1.000**
   757 A 1.000**
   758 S 1.000**
   759 P 1.000**
   760 H 1.000**
   761 S 1.000**
   762 A 1.000**
   763 A 1.000**
   764 A 1.000**
   765 R 1.000**
   766 R 1.000**
   767 T 1.000**
   768 T 1.000**
   769 A 1.000**
   770 S 1.000**
   771 I 1.000**
   772 F 1.000**
   773 A 1.000**
   774 L 1.000**
   775 L 1.000**
   776 V 1.000**
   777 V 1.000**
   778 S 1.000**
   779 L 1.000**
   780 S 1.000**
   781 T 1.000**
   782 F 1.000**
   783 L 1.000**
   784 L 1.000**
   785 V 1.000**
   786 - 1.000**

Bayes Empirical Bayes (BEB) analysis (Yang, Wong & Nielsen 2005. Mol. Biol. Evol. 22:1107-1118)
Positive sites for foreground lineages Prob(w>1):
    32 R 0.899
    66 P 0.895
   105 Q 0.899
   142 A 0.897
   206 K 0.897
   296 L 0.894
   323 A 0.896
   328 F 0.893
   450 L 0.898
   485 Y 0.897
   504 G 0.852
   513 D 0.891
   535 A 0.891
   640 V 0.899
   672 L 0.897
   694 N 0.891
   709 Q 0.900
   723 M 0.899
   732 A 0.899
   785 V 0.898


The grid (see ternary graph for p0-p1)

w0:   0.050  0.150  0.250  0.350  0.450  0.550  0.650  0.750  0.850  0.950
w2:   1.500  2.500  3.500  4.500  5.500  6.500  7.500  8.500  9.500 10.500


Posterior on the grid

w0:   0.388  0.234  0.144  0.092  0.062  0.042  0.024  0.010  0.003  0.001
w2:   0.000  0.012  0.069  0.121  0.142  0.145  0.140  0.132  0.123  0.114

Posterior for p0-p1 (see the ternary graph) (YWN2015, fig. 1)

 0.000
 0.000 0.000 0.000
 0.000 0.000 0.000 0.000 0.000
 0.000 0.000 0.001 0.000 0.000 0.000 0.000
 0.000 0.001 0.003 0.003 0.007 0.002 0.001 0.000 0.000
 0.000 0.001 0.005 0.009 0.025 0.019 0.020 0.004 0.001 0.000 0.000
 0.000 0.001 0.010 0.016 0.046 0.049 0.057 0.035 0.018 0.003 0.001 0.000 0.000
 0.000 0.002 0.023 0.031 0.056 0.061 0.047 0.049 0.025 0.017 0.006 0.001 0.000 0.000 0.000
 0.002 0.007 0.041 0.045 0.024 0.032 0.013 0.019 0.010 0.012 0.007 0.005 0.002 0.001 0.000 0.000 0.000
 0.033 0.035 0.004 0.010 0.003 0.005 0.003 0.005 0.003 0.005 0.004 0.004 0.003 0.002 0.001 0.000 0.000 0.000 0.000

sum of density on p0-p1 =   1.000000

Time used:  0:12
